Chronologic VCS simulator copyright 1991-2015
Contains Synopsys proprietary information.
Compiler version K-2015.09_Full64; Runtime version K-2015.09_Full64;  Apr 14 02:55 2017
-----------
INPUTS
-----------
counter_in:          5
dir_in: 1
-----------
OUTPUTS
-----------
counter_out:          0
dir_out: 1
state: 0000
-----------
-----------
-----------
-----------
-----------
INPUTS
-----------
counter_in:          5
dir_in: 1
-----------
OUTPUTS
-----------
counter_out:          5
dir_out: 1
state: 0000
-----------
-----------
-----------
-----------
-----------
INPUTS
-----------
counter_in:          5
dir_in: 1
-----------
OUTPUTS
-----------
counter_out:          5
dir_out: 1
state: 1001
-----------
-----------
-----------
-----------
-----------
INPUTS
-----------
counter_in:          5
dir_in: 1
-----------
OUTPUTS
-----------
counter_out:          5
dir_out: 1
state: 0101
-----------
-----------
-----------
-----------
-----------
INPUTS
-----------
counter_in:          5
dir_in: 1
-----------
OUTPUTS
-----------
counter_out:          5
dir_out: 1
state: 0110
-----------
-----------
-----------
-----------
-----------
INPUTS
-----------
counter_in:          5
dir_in: 1
-----------
OUTPUTS
-----------
counter_out:          5
dir_out: 1
state: 1010
-----------
-----------
-----------
-----------
-----------
INPUTS
-----------
counter_in:          5
dir_in: 1
-----------
OUTPUTS
-----------
counter_out:          4
dir_out: 1
state: 1001
-----------
-----------
-----------
-----------
-----------
INPUTS
-----------
counter_in:          5
dir_in: 1
-----------
OUTPUTS
-----------
counter_out:          4
dir_out: 1
state: 0101
-----------
-----------
-----------
-----------
-----------
INPUTS
-----------
counter_in:          5
dir_in: 1
-----------
OUTPUTS
-----------
counter_out:          4
dir_out: 1
state: 0110
-----------
-----------
-----------
-----------
-----------
INPUTS
-----------
counter_in:          5
dir_in: 1
-----------
OUTPUTS
-----------
counter_out:          4
dir_out: 1
state: 1010
-----------
-----------
-----------
-----------
-----------
INPUTS
-----------
counter_in:          5
dir_in: 1
-----------
OUTPUTS
-----------
counter_out:          3
dir_out: 1
state: 1001
-----------
-----------
-----------
-----------
-----------
INPUTS
-----------
counter_in:          5
dir_in: 1
-----------
OUTPUTS
-----------
counter_out:          3
dir_out: 1
state: 0101
-----------
-----------
-----------
-----------
-----------
INPUTS
-----------
counter_in:          5
dir_in: 1
-----------
OUTPUTS
-----------
counter_out:          3
dir_out: 1
state: 0110
-----------
-----------
-----------
-----------
-----------
INPUTS
-----------
counter_in:          5
dir_in: 1
-----------
OUTPUTS
-----------
counter_out:          3
dir_out: 1
state: 1010
-----------
-----------
-----------
-----------
-----------
INPUTS
-----------
counter_in:          5
dir_in: 1
-----------
OUTPUTS
-----------
counter_out:          2
dir_out: 1
state: 1001
-----------
-----------
-----------
-----------
-----------
INPUTS
-----------
counter_in:          5
dir_in: 1
-----------
OUTPUTS
-----------
counter_out:          2
dir_out: 1
state: 0101
-----------
-----------
-----------
-----------
-----------
INPUTS
-----------
counter_in:          5
dir_in: 1
-----------
OUTPUTS
-----------
counter_out:          2
dir_out: 1
state: 0110
-----------
-----------
-----------
-----------
-----------
INPUTS
-----------
counter_in:          5
dir_in: 1
-----------
OUTPUTS
-----------
counter_out:          2
dir_out: 1
state: 1010
-----------
-----------
-----------
-----------
-----------
INPUTS
-----------
counter_in:          5
dir_in: 1
-----------
OUTPUTS
-----------
counter_out:          1
dir_out: 1
state: 1001
-----------
-----------
-----------
-----------
-----------
INPUTS
-----------
counter_in:          5
dir_in: 1
-----------
OUTPUTS
-----------
counter_out:          1
dir_out: 1
state: 0101
-----------
-----------
-----------
-----------
-----------
INPUTS
-----------
counter_in:          5
dir_in: 1
-----------
OUTPUTS
-----------
counter_out:          1
dir_out: 1
state: 0110
-----------
-----------
-----------
-----------
-----------
INPUTS
-----------
counter_in:          5
dir_in: 1
-----------
OUTPUTS
-----------
counter_out:          1
dir_out: 1
state: 1010
-----------
-----------
-----------
-----------
-----------
INPUTS
-----------
counter_in:          5
dir_in: 1
-----------
OUTPUTS
-----------
counter_out:          0
dir_out: 1
state: 1001
-----------
-----------
-----------
-----------
-----------
INPUTS
-----------
counter_in:          0
dir_in: 0
-----------
OUTPUTS
-----------
counter_out:          0
dir_out: 1
state: 0101
-----------
-----------
-----------
-----------
-----------
INPUTS
-----------
counter_in:          0
dir_in: 0
-----------
OUTPUTS
-----------
counter_out:          0
dir_out: 1
state: 0110
-----------
-----------
-----------
-----------
-----------
INPUTS
-----------
counter_in:          0
dir_in: 0
-----------
OUTPUTS
-----------
counter_out:          0
dir_out: 1
state: 1010
-----------
-----------
-----------
-----------
-----------
INPUTS
-----------
counter_in:          0
dir_in: 0
-----------
OUTPUTS
-----------
counter_out: 4294967295
dir_out: 1
state: 0000
-----------
-----------
-----------
-----------
-----------
INPUTS
-----------
counter_in:          0
dir_in: 0
-----------
OUTPUTS
-----------
counter_out:          0
dir_out: 0
state: 1001
-----------
-----------
-----------
-----------
-----------
INPUTS
-----------
counter_in:          0
dir_in: 0
-----------
OUTPUTS
-----------
counter_out: 4294967295
dir_out: 0
state: 1010
-----------
-----------
-----------
-----------
-----------
INPUTS
-----------
counter_in:          0
dir_in: 0
-----------
OUTPUTS
-----------
counter_out: 4294967295
dir_out: 0
state: 0110
-----------
-----------
-----------
-----------
-----------
INPUTS
-----------
counter_in:          0
dir_in: 0
-----------
OUTPUTS
-----------
counter_out: 4294967295
dir_out: 0
state: 0101
-----------
-----------
-----------
-----------
-----------
INPUTS
-----------
counter_in:          0
dir_in: 0
-----------
OUTPUTS
-----------
counter_out: 4294967295
dir_out: 0
state: 1001
-----------
-----------
-----------
-----------
-----------
INPUTS
-----------
counter_in:          0
dir_in: 0
-----------
OUTPUTS
-----------
counter_out: 4294967294
dir_out: 0
state: 1010
-----------
-----------
-----------
-----------
-----------
INPUTS
-----------
counter_in:          0
dir_in: 0
-----------
OUTPUTS
-----------
counter_out: 4294967294
dir_out: 0
state: 0110
-----------
-----------
-----------
-----------
-----------
INPUTS
-----------
counter_in:          0
dir_in: 0
-----------
OUTPUTS
-----------
counter_out: 4294967294
dir_out: 0
state: 0101
-----------
-----------
-----------
-----------
-----------
INPUTS
-----------
counter_in:          0
dir_in: 0
-----------
OUTPUTS
-----------
counter_out: 4294967294
dir_out: 0
state: 1001
-----------
-----------
-----------
-----------
-----------
INPUTS
-----------
counter_in:          0
dir_in: 0
-----------
OUTPUTS
-----------
counter_out: 4294967293
dir_out: 0
state: 1010
-----------
-----------
-----------
-----------
-----------
INPUTS
-----------
counter_in:          0
dir_in: 0
-----------
OUTPUTS
-----------
counter_out: 4294967293
dir_out: 0
state: 0110
-----------
-----------
-----------
-----------
-----------
INPUTS
-----------
counter_in:          0
dir_in: 0
-----------
OUTPUTS
-----------
counter_out: 4294967293
dir_out: 0
state: 0101
-----------
-----------
-----------
-----------
-----------
INPUTS
-----------
counter_in:          0
dir_in: 0
-----------
OUTPUTS
-----------
counter_out: 4294967293
dir_out: 0
state: 1001
-----------
-----------
-----------
-----------
-----------
INPUTS
-----------
counter_in:          0
dir_in: 0
-----------
OUTPUTS
-----------
counter_out: 4294967292
dir_out: 0
state: 1010
-----------
-----------
-----------
-----------
-----------
INPUTS
-----------
counter_in:          0
dir_in: 0
-----------
OUTPUTS
-----------
counter_out: 4294967292
dir_out: 0
state: 0110
-----------
-----------
-----------
-----------
-----------
INPUTS
-----------
counter_in:          0
dir_in: 0
-----------
OUTPUTS
-----------
counter_out: 4294967292
dir_out: 0
state: 0101
-----------
-----------
-----------
-----------
-----------
INPUTS
-----------
counter_in:          0
dir_in: 0
-----------
OUTPUTS
-----------
counter_out: 4294967292
dir_out: 0
state: 1001
-----------
-----------
-----------
-----------
-----------
INPUTS
-----------
counter_in:          0
dir_in: 0
-----------
OUTPUTS
-----------
counter_out: 4294967291
dir_out: 0
state: 1010
-----------
-----------
-----------
-----------
-----------
INPUTS
-----------
counter_in:          0
dir_in: 0
-----------
OUTPUTS
-----------
counter_out: 4294967291
dir_out: 0
state: 0110
-----------
-----------
-----------
-----------
-----------
INPUTS
-----------
counter_in:          0
dir_in: 0
-----------
OUTPUTS
-----------
counter_out: 4294967291
dir_out: 0
state: 0101
-----------
-----------
-----------
-----------
-----------
INPUTS
-----------
counter_in:          0
dir_in: 0
-----------
OUTPUTS
-----------
counter_out: 4294967291
dir_out: 0
state: 1001
-----------
-----------
-----------
-----------
-----------
INPUTS
-----------
counter_in:          0
dir_in: 0
-----------
OUTPUTS
-----------
counter_out: 4294967290
dir_out: 0
state: 1010
-----------
-----------
-----------
-----------
-----------
INPUTS
-----------
counter_in:          0
dir_in: 0
-----------
OUTPUTS
-----------
counter_out: 4294967290
dir_out: 0
state: 0110
-----------
-----------
-----------
-----------
-----------
INPUTS
-----------
counter_in:          0
dir_in: 0
-----------
OUTPUTS
-----------
counter_out: 4294967290
dir_out: 0
state: 0101
-----------
-----------
-----------
-----------
-----------
INPUTS
-----------
counter_in:          0
dir_in: 0
-----------
OUTPUTS
-----------
counter_out: 4294967290
dir_out: 0
state: 1001
-----------
-----------
-----------
-----------
-----------
INPUTS
-----------
counter_in:          0
dir_in: 0
-----------
OUTPUTS
-----------
counter_out: 4294967289
dir_out: 0
state: 1010
-----------
-----------
-----------
-----------
-----------
INPUTS
-----------
counter_in:          0
dir_in: 0
-----------
OUTPUTS
-----------
counter_out: 4294967289
dir_out: 0
state: 0110
-----------
-----------
-----------
-----------
-----------
INPUTS
-----------
counter_in:          0
dir_in: 0
-----------
OUTPUTS
-----------
counter_out: 4294967289
dir_out: 0
state: 0101
-----------
-----------
-----------
-----------
-----------
INPUTS
-----------
counter_in:          0
dir_in: 0
-----------
OUTPUTS
-----------
counter_out: 4294967289
dir_out: 0
state: 1001
-----------
-----------
-----------
-----------
-----------
INPUTS
-----------
counter_in:          0
dir_in: 0
-----------
OUTPUTS
-----------
counter_out: 4294967288
dir_out: 0
state: 1010
-----------
-----------
-----------
-----------
-----------
INPUTS
-----------
counter_in:          0
dir_in: 0
-----------
OUTPUTS
-----------
counter_out: 4294967288
dir_out: 0
state: 0110
-----------
-----------
-----------
-----------
-----------
INPUTS
-----------
counter_in:          0
dir_in: 0
-----------
OUTPUTS
-----------
counter_out: 4294967288
dir_out: 0
state: 0101
-----------
-----------
-----------
-----------
-----------
INPUTS
-----------
counter_in:          0
dir_in: 0
-----------
OUTPUTS
-----------
counter_out: 4294967288
dir_out: 0
state: 1001
-----------
-----------
-----------
-----------
-----------
INPUTS
-----------
counter_in:          0
dir_in: 0
-----------
OUTPUTS
-----------
counter_out: 4294967287
dir_out: 0
state: 1010
-----------
-----------
-----------
-----------
-----------
INPUTS
-----------
counter_in:          0
dir_in: 0
-----------
OUTPUTS
-----------
counter_out: 4294967287
dir_out: 0
state: 0110
-----------
-----------
-----------
-----------
-----------
INPUTS
-----------
counter_in:          0
dir_in: 0
-----------
OUTPUTS
-----------
counter_out: 4294967287
dir_out: 0
state: 0101
-----------
-----------
-----------
-----------
-----------
INPUTS
-----------
counter_in:          0
dir_in: 0
-----------
OUTPUTS
-----------
counter_out: 4294967287
dir_out: 0
state: 1001
-----------
-----------
-----------
-----------
-----------
INPUTS
-----------
counter_in:          0
dir_in: 0
-----------
OUTPUTS
-----------
counter_out: 4294967286
dir_out: 0
state: 1010
-----------
-----------
-----------
-----------
-----------
INPUTS
-----------
counter_in:          0
dir_in: 0
-----------
OUTPUTS
-----------
counter_out: 4294967286
dir_out: 0
state: 0110
-----------
-----------
-----------
-----------
-----------
INPUTS
-----------
counter_in:          0
dir_in: 0
-----------
OUTPUTS
-----------
counter_out: 4294967286
dir_out: 0
state: 0101
-----------
-----------
-----------
-----------
-----------
INPUTS
-----------
counter_in:          0
dir_in: 0
-----------
OUTPUTS
-----------
counter_out: 4294967286
dir_out: 0
state: 1001
-----------
-----------
-----------
-----------
-----------
INPUTS
-----------
counter_in:          0
dir_in: 0
-----------
OUTPUTS
-----------
counter_out: 4294967285
dir_out: 0
state: 1010
-----------
-----------
-----------
-----------
-----------
INPUTS
-----------
counter_in:          0
dir_in: 0
-----------
OUTPUTS
-----------
counter_out: 4294967285
dir_out: 0
state: 0110
-----------
-----------
-----------
-----------
-----------
INPUTS
-----------
counter_in:          0
dir_in: 0
-----------
OUTPUTS
-----------
counter_out: 4294967285
dir_out: 0
state: 0101
-----------
-----------
-----------
-----------
-----------
INPUTS
-----------
counter_in:          0
dir_in: 0
-----------
OUTPUTS
-----------
counter_out: 4294967285
dir_out: 0
state: 1001
-----------
-----------
-----------
-----------
-----------
INPUTS
-----------
counter_in:          0
dir_in: 0
-----------
OUTPUTS
-----------
counter_out: 4294967284
dir_out: 0
state: 1010
-----------
-----------
-----------
-----------
-----------
INPUTS
-----------
counter_in:          0
dir_in: 0
-----------
OUTPUTS
-----------
counter_out: 4294967284
dir_out: 0
state: 0110
-----------
-----------
-----------
-----------
-----------
INPUTS
-----------
counter_in:          0
dir_in: 0
-----------
OUTPUTS
-----------
counter_out: 4294967284
dir_out: 0
state: 0101
-----------
-----------
-----------
-----------
-----------
INPUTS
-----------
counter_in:          0
dir_in: 0
-----------
OUTPUTS
-----------
counter_out: 4294967284
dir_out: 0
state: 1001
-----------
-----------
-----------
-----------
-----------
INPUTS
-----------
counter_in:          0
dir_in: 0
-----------
OUTPUTS
-----------
counter_out: 4294967283
dir_out: 0
state: 1010
-----------
-----------
-----------
-----------
-----------
INPUTS
-----------
counter_in:          0
dir_in: 0
-----------
OUTPUTS
-----------
counter_out: 4294967283
dir_out: 0
state: 0110
-----------
-----------
-----------
-----------
-----------
INPUTS
-----------
counter_in:          0
dir_in: 0
-----------
OUTPUTS
-----------
counter_out: 4294967283
dir_out: 0
state: 0101
-----------
-----------
-----------
-----------
-----------
INPUTS
-----------
counter_in:          0
dir_in: 0
-----------
OUTPUTS
-----------
counter_out: 4294967283
dir_out: 0
state: 1001
-----------
-----------
-----------
-----------
-----------
INPUTS
-----------
counter_in:          0
dir_in: 0
-----------
OUTPUTS
-----------
counter_out: 4294967282
dir_out: 0
state: 1010
-----------
-----------
-----------
-----------
-----------
INPUTS
-----------
counter_in:          0
dir_in: 0
-----------
OUTPUTS
-----------
counter_out: 4294967282
dir_out: 0
state: 0110
-----------
-----------
-----------
-----------
-----------
INPUTS
-----------
counter_in:          0
dir_in: 0
-----------
OUTPUTS
-----------
counter_out: 4294967282
dir_out: 0
state: 0101
-----------
-----------
-----------
-----------
-----------
INPUTS
-----------
counter_in:          0
dir_in: 0
-----------
OUTPUTS
-----------
counter_out: 4294967282
dir_out: 0
state: 1001
-----------
-----------
-----------
-----------
-----------
INPUTS
-----------
counter_in:          0
dir_in: 0
-----------
OUTPUTS
-----------
counter_out: 4294967281
dir_out: 0
state: 1010
-----------
-----------
-----------
-----------
-----------
INPUTS
-----------
counter_in:          0
dir_in: 0
-----------
OUTPUTS
-----------
counter_out: 4294967281
dir_out: 0
state: 0110
-----------
-----------
-----------
-----------
-----------
INPUTS
-----------
counter_in:          0
dir_in: 0
-----------
OUTPUTS
-----------
counter_out: 4294967281
dir_out: 0
state: 0101
-----------
-----------
-----------
-----------
-----------
INPUTS
-----------
counter_in:          0
dir_in: 0
-----------
OUTPUTS
-----------
counter_out: 4294967281
dir_out: 0
state: 1001
-----------
-----------
-----------
-----------
-----------
INPUTS
-----------
counter_in:          0
dir_in: 0
-----------
OUTPUTS
-----------
counter_out: 4294967280
dir_out: 0
state: 1010
-----------
-----------
-----------
-----------
-----------
INPUTS
-----------
counter_in:          0
dir_in: 0
-----------
OUTPUTS
-----------
counter_out: 4294967280
dir_out: 0
state: 0110
-----------
-----------
-----------
-----------
-----------
INPUTS
-----------
counter_in:          0
dir_in: 0
-----------
OUTPUTS
-----------
counter_out: 4294967280
dir_out: 0
state: 0101
-----------
-----------
-----------
-----------
-----------
INPUTS
-----------
counter_in:          0
dir_in: 0
-----------
OUTPUTS
-----------
counter_out: 4294967280
dir_out: 0
state: 1001
-----------
-----------
-----------
-----------
-----------
INPUTS
-----------
counter_in:          0
dir_in: 0
-----------
OUTPUTS
-----------
counter_out: 4294967279
dir_out: 0
state: 1010
-----------
-----------
-----------
-----------
-----------
INPUTS
-----------
counter_in:          0
dir_in: 0
-----------
OUTPUTS
-----------
counter_out: 4294967279
dir_out: 0
state: 0110
-----------
-----------
-----------
-----------
-----------
INPUTS
-----------
counter_in:          0
dir_in: 0
-----------
OUTPUTS
-----------
counter_out: 4294967279
dir_out: 0
state: 0101
-----------
-----------
-----------
-----------
-----------
INPUTS
-----------
counter_in:          0
dir_in: 0
-----------
OUTPUTS
-----------
counter_out: 4294967279
dir_out: 0
state: 1001
-----------
-----------
-----------
-----------
-----------
INPUTS
-----------
counter_in:          0
dir_in: 0
-----------
OUTPUTS
-----------
counter_out: 4294967278
dir_out: 0
state: 1010
-----------
-----------
-----------
-----------
-----------
INPUTS
-----------
counter_in:          0
dir_in: 0
-----------
OUTPUTS
-----------
counter_out: 4294967278
dir_out: 0
state: 0110
-----------
-----------
-----------
-----------
-----------
INPUTS
-----------
counter_in:          0
dir_in: 0
-----------
OUTPUTS
-----------
counter_out: 4294967278
dir_out: 0
state: 0101
-----------
-----------
-----------
-----------
-----------
INPUTS
-----------
counter_in:          0
dir_in: 0
-----------
OUTPUTS
-----------
counter_out: 4294967278
dir_out: 0
state: 1001
-----------
-----------
-----------
-----------
-----------
INPUTS
-----------
counter_in:          0
dir_in: 0
-----------
OUTPUTS
-----------
counter_out: 4294967277
dir_out: 0
state: 1010
-----------
-----------
-----------
-----------
$finish called from file "testbench.v", line 90.
$finish at simulation time                 1020
           V C S   S i m u l a t i o n   R e p o r t 
Time: 1020
CPU Time:      0.500 seconds;       Data structure size:   0.0Mb
Fri Apr 14 02:55:45 2017
